<?xml version="1.0" encoding="UTF-8"?>
<!-- Generated by org.testng.reporters.JUnitReportReporter -->
<testsuite hostname="Pamela" failures="0" tests="2" name="pe.saucedemo.WebCompraMasProductos" time="7.500" errors="0" timestamp="2024-03-11T10:47:14 PET" skipped="0">
  <testcase classname="pe.saucedemo.WebCompraMasProductos" name="setUp" time="5.558"/>
  <system-out/>
  <testcase classname="pe.saucedemo.WebCompraMasProductos" name="f" time="1.942"/>
  <system-out/>
</testsuite> <!-- pe.saucedemo.WebCompraMasProductos -->
