<?xml version="1.0" encoding="UTF-8"?>
<!-- Generated by org.testng.reporters.JUnitReportReporter -->
<testsuite hostname="Pamela" failures="0" tests="2" name="pe.saucedemo.WebCompra" time="7.698" errors="0" timestamp="2024-03-11T10:26:37 PET" skipped="0">
  <testcase classname="pe.saucedemo.WebCompra" name="setUp" time="6.163"/>
  <system-out/>
  <testcase classname="pe.saucedemo.WebCompra" name="comprar" time="1.535"/>
  <system-out/>
</testsuite> <!-- pe.saucedemo.WebCompra -->
